<?xml version="1.0" encoding="UTF-8"?>
<!-- Generated by org.testng.reporters.JUnitReportReporter -->
<testsuite skipped="0" hostname="siddshaun" name="TestNG.addressbook" tests="1" failures="0" timestamp="13 May 2019 22:48:55 GMT" time="88.464" errors="0">
  <testcase name="verifyaddbook" time="88.464" classname="TestNG.addressbook"/>
</testsuite> <!-- TestNG.addressbook -->
